#
# An unexpected error has been detected by Java Runtime Environment:
#
#  EXCEPTION_ACCESS_VIOLATION (0xc0000005) at pc=0x5a504fa1, pid=1256, tid=2308
#
# Java VM: Java HotSpot(TM) Client VM (10.0-b19 mixed mode, sharing windows-x86)
# Problematic frame:
# C  [fsshext.8.1.0178.00.dll+0x4fa1]
#
# If you would like to submit a bug report, please visit:
#   http://java.sun.com/webapps/bugreport/crash.jsp
# The crash happened outside the Java Virtual Machine in native code.
# See problematic frame for where to report the bug.
#

---------------  T H R E A D  ---------------

Current thread (0x030dbc00):  JavaThread "Swing-Shell" daemon [_thread_in_native, id=2308, stack(0x03370000,0x033c0000)]

siginfo: ExceptionCode=0xc0000005, reading address 0x00000000

Registers:
EAX=0x00000000, EBX=0x00000000, ECX=0x5a502374, EDX=0x033bf6cc
ESP=0x033bf684, EBP=0x033bf690, ESI=0x033f29d8, EDI=0x030dbcf4
EIP=0x5a504fa1, EFLAGS=0x00010256

Top of Stack: (sp=0x033bf684)
0x033bf684:   00000000 00000000 033bf6cc 030dc508
0x033bf694:   6d16013f 033f29d8 00000000 00000000
0x033bf6a4:   033bf6cc 26a43588 26a43588 030dbc00
0x033bf6b4:   033bf818 033f29d8 02b2f844 030dc508
0x033bf6c4:   033bf6d8 26a41ed8 00919c91 030dbcf4
0x033bf6d4:   033bf718 033f29d8 00000000 033f29d8
0x033bf6e4:   00919f39 033bf71c 00912cb1 033f29d8
0x033bf6f4:   00000000 229aa208 033bf6fc 2a989d81 

Instructions: (pc=0x5a504fa1)
0x5a504f91:   ec ff 75 14 8b 45 08 ff 75 10 8b 40 44 ff 75 0c
0x5a504fa1:   8b 08 50 ff 51 48 5d c2 10 00 55 8b ec ff 75 10 


Stack: [0x03370000,0x033c0000],  sp=0x033bf684,  free space=317k
Native frames: (J=compiled Java code, j=interpreted, Vv=VM code, C=native code)
C  [fsshext.8.1.0178.00.dll+0x4fa1]

Java frames: (J=compiled Java code, j=interpreted, Vv=VM code)
v  ~BufferBlob::Interpreter
v  ~BufferBlob::Interpreter
v  ~BufferBlob::Interpreter
v  ~BufferBlob::Interpreter
J  java.util.concurrent.FutureTask$Sync.innerRun()V
J  java.util.concurrent.FutureTask.run()V
J  java.util.concurrent.ThreadPoolExecutor$Worker.runTask(Ljava/lang/Runnable;)V
v  ~BufferBlob::Interpreter
v  ~BufferBlob::Interpreter
v  ~BufferBlob::Interpreter
v  ~BufferBlob::StubRoutines (1)

---------------  P R O C E S S  ---------------

Java Threads: ( => current thread )
=>0x030dbc00 JavaThread "Swing-Shell" daemon [_thread_in_native, id=2308, stack(0x03370000,0x033c0000)]
  0x030c1800 JavaThread "TimerQueue" daemon [_thread_blocked, id=500, stack(0x03320000,0x03370000)]
  0x00295800 JavaThread "DestroyJavaVM" [_thread_blocked, id=3196, stack(0x008c0000,0x00910000)]
  0x02f43c00 JavaThread "AWT-EventQueue-0" [_thread_blocked, id=1628, stack(0x03130000,0x03180000)]
  0x02b05400 JavaThread "AWT-Windows" daemon [_thread_in_native, id=1128, stack(0x02ec0000,0x02f10000)]
  0x02b04000 JavaThread "AWT-Shutdown" [_thread_blocked, id=1728, stack(0x02e70000,0x02ec0000)]
  0x02b02000 JavaThread "Java2D Disposer" daemon [_thread_blocked, id=2496, stack(0x02e20000,0x02e70000)]
  0x02a5dc00 JavaThread "Low Memory Detector" daemon [_thread_blocked, id=3756, stack(0x02d10000,0x02d60000)]
  0x02a59000 JavaThread "CompilerThread0" daemon [_thread_blocked, id=2840, stack(0x02cc0000,0x02d10000)]
  0x02a57000 JavaThread "Attach Listener" daemon [_thread_blocked, id=3248, stack(0x02c70000,0x02cc0000)]
  0x02a56000 JavaThread "Signal Dispatcher" daemon [_thread_blocked, id=3368, stack(0x02c20000,0x02c70000)]
  0x02a51400 JavaThread "Finalizer" daemon [_thread_blocked, id=4076, stack(0x02bd0000,0x02c20000)]
  0x02a4d000 JavaThread "Reference Handler" daemon [_thread_blocked, id=1976, stack(0x02b80000,0x02bd0000)]

Other Threads:
  0x02a4bc00 VMThread [stack: 0x02b30000,0x02b80000] [id=1972]
  0x02a67800 WatcherThread [stack: 0x02d60000,0x02db0000] [id=2620]

VM state:not at safepoint (normal execution)

VM Mutex/Monitor currently owned by a thread: None

Heap
 def new generation   total 960K, used 362K [0x22960000, 0x22a60000, 0x22e40000)
  eden space 896K,  33% used [0x22960000, 0x229aa9d8, 0x22a40000)
  from space 64K,  99% used [0x22a50000, 0x22a5fff8, 0x22a60000)
  to   space 64K,   0% used [0x22a40000, 0x22a40000, 0x22a50000)
 tenured generation   total 4096K, used 1323K [0x22e40000, 0x23240000, 0x26960000)
   the space 4096K,  32% used [0x22e40000, 0x22f8ae40, 0x22f8b000, 0x23240000)
 compacting perm gen  total 12288K, used 1372K [0x26960000, 0x27560000, 0x2a960000)
   the space 12288K,  11% used [0x26960000, 0x26ab70c0, 0x26ab7200, 0x27560000)
    ro space 8192K,  66% used [0x2a960000, 0x2aeb0c80, 0x2aeb0e00, 0x2b160000)
    rw space 12288K,  52% used [0x2b160000, 0x2b7b03d0, 0x2b7b0400, 0x2bd60000)

Dynamic libraries:
0x00400000 - 0x00423000 	C:\Program Files\Java\jdk1.6.0_04\jre\bin\java.exe
0x7c900000 - 0x7c9b2000 	C:\WINDOWS\system32\ntdll.dll
0x7c800000 - 0x7c8f5000 	C:\WINDOWS\system32\kernel32.dll
0x77dd0000 - 0x77e6b000 	C:\WINDOWS\system32\ADVAPI32.dll
0x77e70000 - 0x77f02000 	C:\WINDOWS\system32\RPCRT4.dll
0x77fe0000 - 0x77ff1000 	C:\WINDOWS\system32\Secur32.dll
0x7c340000 - 0x7c396000 	C:\Program Files\Java\jdk1.6.0_04\jre\bin\msvcr71.dll
0x6d870000 - 0x6dac0000 	C:\Program Files\Java\jdk1.6.0_04\jre\bin\client\jvm.dll
0x77d40000 - 0x77dd0000 	C:\WINDOWS\system32\USER32.dll
0x77f10000 - 0x77f58000 	C:\WINDOWS\system32\GDI32.dll
0x76b40000 - 0x76b6d000 	C:\WINDOWS\system32\WINMM.dll
0x6d320000 - 0x6d328000 	C:\Program Files\Java\jdk1.6.0_04\jre\bin\hpi.dll
0x76bf0000 - 0x76bfb000 	C:\WINDOWS\system32\PSAPI.DLL
0x6d820000 - 0x6d82c000 	C:\Program Files\Java\jdk1.6.0_04\jre\bin\verify.dll
0x6d3c0000 - 0x6d3df000 	C:\Program Files\Java\jdk1.6.0_04\jre\bin\java.dll
0x6d860000 - 0x6d86f000 	C:\Program Files\Java\jdk1.6.0_04\jre\bin\zip.dll
0x6d0b0000 - 0x6d1de000 	C:\Program Files\Java\jdk1.6.0_04\jre\bin\awt.dll
0x73000000 - 0x73026000 	C:\WINDOWS\system32\WINSPOOL.DRV
0x77c10000 - 0x77c68000 	C:\WINDOWS\system32\msvcrt.dll
0x76390000 - 0x763ad000 	C:\WINDOWS\system32\IMM32.dll
0x774e0000 - 0x7761c000 	C:\WINDOWS\system32\ole32.dll
0x5ad70000 - 0x5ada8000 	C:\WINDOWS\system32\uxtheme.dll
0x73760000 - 0x737a9000 	C:\WINDOWS\system32\ddraw.dll
0x73bc0000 - 0x73bc6000 	C:\WINDOWS\system32\DCIMAN32.dll
0x6d2c0000 - 0x6d313000 	C:\Program Files\Java\jdk1.6.0_04\jre\bin\fontmanager.dll
0x7c9c0000 - 0x7d1d6000 	C:\WINDOWS\system32\shell32.dll
0x77f60000 - 0x77fd6000 	C:\WINDOWS\system32\SHLWAPI.dll
0x773d0000 - 0x774d2000 	C:\WINDOWS\WinSxS\x86_Microsoft.Windows.Common-Controls_6595b64144ccf1df_6.0.2600.2180_x-ww_a84f1ff9\comctl32.dll
0x5d090000 - 0x5d127000 	C:\WINDOWS\system32\comctl32.dll
0x6d620000 - 0x6d633000 	C:\Program Files\Java\jdk1.6.0_04\jre\bin\net.dll
0x71ab0000 - 0x71ac7000 	C:\WINDOWS\system32\WS2_32.dll
0x71aa0000 - 0x71aa8000 	C:\WINDOWS\system32\WS2HELP.dll
0x6d640000 - 0x6d649000 	C:\Program Files\Java\jdk1.6.0_04\jre\bin\nio.dll
0x10000000 - 0x10013000 	C:\WINDOWS\system32\btmmhook.dll
0x5b860000 - 0x5b8b4000 	C:\WINDOWS\system32\netapi32.dll
0x71b20000 - 0x71b32000 	C:\WINDOWS\system32\MPR.dll
0x75f60000 - 0x75f67000 	C:\WINDOWS\System32\drprov.dll
0x71c10000 - 0x71c1e000 	C:\WINDOWS\System32\ntlanman.dll
0x71cd0000 - 0x71ce7000 	C:\WINDOWS\System32\NETUI0.dll
0x71c90000 - 0x71cd0000 	C:\WINDOWS\System32\NETUI1.dll
0x71c80000 - 0x71c87000 	C:\WINDOWS\System32\NETRAP.dll
0x71bf0000 - 0x71c03000 	C:\WINDOWS\System32\SAMLIB.dll
0x75f70000 - 0x75f79000 	C:\WINDOWS\System32\davclnt.dll
0x77920000 - 0x77a13000 	C:\WINDOWS\system32\SETUPAPI.dll
0x77b40000 - 0x77b62000 	C:\WINDOWS\system32\appHelp.dll
0x76fd0000 - 0x7704f000 	C:\WINDOWS\system32\CLBCATQ.DLL
0x77120000 - 0x771ac000 	C:\WINDOWS\system32\OLEAUT32.dll
0x77050000 - 0x77115000 	C:\WINDOWS\system32\COMRes.dll
0x77c00000 - 0x77c08000 	C:\WINDOWS\system32\VERSION.dll
0x5a500000 - 0x5a54e000 	C:\Program Files\MSN Messenger\fsshext.8.1.0178.00.dll
0x78130000 - 0x781cb000 	C:\WINDOWS\WinSxS\x86_Microsoft.VC80.CRT_1fc8b3b9a1e18e3b_8.0.50727.762_x-ww_6b128700\MSVCR80.dll
0x4ec50000 - 0x4edf6000 	C:\WINDOWS\WinSxS\x86_Microsoft.Windows.GdiPlus_6595b64144ccf1df_1.0.2600.3352_x-ww_81af8e88\gdiplus.dll
0x661c0000 - 0x663dd000 	C:\PROGRA~1\MICROS~2\Office12\GRA8E1~1.DLL
0x68ef0000 - 0x68fe1000 	C:\PROGRA~1\MICROS~2\Office12\GrooveUtil.DLL
0x771b0000 - 0x77256000 	C:\WINDOWS\system32\WININET.dll
0x77a80000 - 0x77b14000 	C:\WINDOWS\system32\CRYPT32.dll
0x77b20000 - 0x77b32000 	C:\WINDOWS\system32\MSASN1.dll
0x68ff0000 - 0x68ff7000 	C:\PROGRA~1\MICROS~2\Office12\GrooveNew.DLL
0x7c630000 - 0x7c64b000 	C:\WINDOWS\WinSxS\x86_Microsoft.VC80.ATL_1fc8b3b9a1e18e3b_8.0.50727.4053_x-ww_473666fd\ATL80.DLL
0x0ffd0000 - 0x0fff8000 	C:\WINDOWS\system32\rsaenh.dll
0x76380000 - 0x76385000 	C:\WINDOWS\system32\MSImg32.dll
0x77a20000 - 0x77a74000 	C:\WINDOWS\System32\cscui.dll
0x76600000 - 0x7661d000 	C:\WINDOWS\System32\CSCDLL.dll
0x73d70000 - 0x73d83000 	C:\WINDOWS\system32\shgina.dll
0x75970000 - 0x75a67000 	C:\WINDOWS\system32\MSGINA.dll
0x769c0000 - 0x76a73000 	C:\WINDOWS\system32\USERENV.dll
0x76360000 - 0x76370000 	C:\WINDOWS\system32\WINSTA.dll
0x74320000 - 0x7435d000 	C:\WINDOWS\system32\ODBC32.dll
0x763b0000 - 0x763f9000 	C:\WINDOWS\system32\comdlg32.dll
0x20000000 - 0x20017000 	C:\WINDOWS\system32\odbcint.dll
0x593f0000 - 0x59482000 	C:\WINDOWS\system32\wiashext.dll
0x0b740000 - 0x0ba05000 	C:\WINDOWS\system32\xpsp2res.dll
0x73ba0000 - 0x73bb3000 	C:\WINDOWS\system32\sti.dll
0x74ae0000 - 0x74ae7000 	C:\WINDOWS\system32\CFGMGR32.dll
0x76980000 - 0x76988000 	C:\WINDOWS\system32\LINKINFO.dll
0x76990000 - 0x769b5000 	C:\WINDOWS\system32\ntshrui.dll
0x76b20000 - 0x76b31000 	C:\WINDOWS\system32\ATL.DLL
0x0baa0000 - 0x0bafb000 	C:\Program Files\Common Files\Adobe\Acrobat\ActiveX\PDFShell.dll
0x6d460000 - 0x6d484000 	C:\Program Files\Java\jdk1.6.0_04\jre\bin\jpeg.dll

VM Arguments:
jvm_args: -Dfile.encoding=Cp1252 
java_command: Project.Main
Launcher Type: SUN_STANDARD

Environment Variables:
CLASSPATH=.;C:\Program Files\Java\jre1.6.0_04\lib\ext\QTJava.zip
PATH=C:\WINDOWS\system32;C:\WINDOWS;C:\WINDOWS\System32\Wbem;C:\Program Files\QuickTime\QTSystem\
USERNAME=Prashant
OS=Windows_NT
PROCESSOR_IDENTIFIER=x86 Family 6 Model 15 Stepping 13, GenuineIntel



---------------  S Y S T E M  ---------------

OS: Windows XP Build 2600 Service Pack 2

CPU:total 2 (2 cores per cpu, 1 threads per core) family 6 model 15 stepping 13, cmov, cx8, fxsr, mmx, sse, sse2, sse3, ssse3

Memory: 4k page, physical 2086880k(1153100k free), swap 4025308k(3133992k free)

vm_info: Java HotSpot(TM) Client VM (10.0-b19) for windows-x86 JRE (1.6.0_04-b12), built on Dec 14 2007 00:51:20 by "java_re" with MS VC++ 7.1

time: Wed Sep 30 22:01:11 2009
elapsed time: 23 seconds

